{
"/Users/kwakayama/CODE/hapi-mongoose-plugin/lib/index.js":{"path":"/Users/kwakayama/CODE/hapi-mongoose-plugin/lib/index.js","s":{"1":1,"2":1,"3":1,"4":1,"5":1,"6":1,"7":0,"8":0,"9":1,"10":1,"11":1,"12":1,"13":1,"14":1},"b":{},"f":{"1":1,"2":0,"3":1},"fnMap":{"1":{"name":"(anonymous_1)","line":20,"loc":{"start":{"line":20,"column":19},"end":{"line":20,"column":51}}},"2":{"name":"err","line":27,"loc":{"start":{"line":27,"column":17},"end":{"line":27,"column":35}}},"3":{"name":"callback","line":32,"loc":{"start":{"line":32,"column":18},"end":{"line":32,"column":38}}}},"statementMap":{"1":{"start":{"line":11,"column":0},"end":{"line":18,"column":4}},"2":{"start":{"line":20,"column":0},"end":{"line":40,"column":2}},"3":{"start":{"line":21,"column":2},"end":{"line":21,"column":67}},"4":{"start":{"line":23,"column":2},"end":{"line":23,"column":69}},"5":{"start":{"line":25,"column":2},"end":{"line":25,"column":31}},"6":{"start":{"line":27,"column":2},"end":{"line":30,"column":5}},"7":{"start":{"line":28,"column":4},"end":{"line":28,"column":74}},"8":{"start":{"line":29,"column":4},"end":{"line":29,"column":14}},"9":{"start":{"line":32,"column":2},"end":{"line":39,"column":5}},"10":{"start":{"line":33,"column":4},"end":{"line":33,"column":28}},"11":{"start":{"line":34,"column":4},"end":{"line":34,"column":40}},"12":{"start":{"line":36,"column":4},"end":{"line":36,"column":72}},"13":{"start":{"line":38,"column":4},"end":{"line":38,"column":11}},"14":{"start":{"line":42,"column":0},"end":{"line":44,"column":2}}},"branchMap":{},"l":{"11":1,"20":1,"21":1,"23":1,"25":1,"27":1,"28":0,"29":0,"32":1,"33":1,"34":1,"36":1,"38":1,"42":1}}}
